2025-07-01 16:21:11,638 [INFO] Connected to MLflow tracking server at http://localhost:5000
2025-07-01 16:21:11,971 [INFO] Training Logistic Regression with GridSearchCV...
2025-07-01 16:21:20,819 [INFO] Best Params for Logistic Regression: {'C': 10}
2025-07-01 16:21:20,820 [INFO] Accuracy: 0.8920, Precision: 0.4924, Recall: 0.9238, F1: 0.6424
2025-07-01 16:21:20,820 [INFO] Classification Report:
{
    "0": {
        "precision": 0.9900373599003736,
        "recall": 0.888268156424581,
        "f1-score": 0.9363957597173145,
        "support": 895.0
    },
    "1": {
        "precision": 0.49238578680203043,
        "recall": 0.9238095238095239,
        "f1-score": 0.6423841059602649,
        "support": 105.0
    },
    "accuracy": 0.892,
    "macro avg": {
        "precision": 0.741211573351202,
        "recall": 0.9060388401170525,
        "f1-score": 0.7893899328387897,
        "support": 1000.0
    },
    "weighted avg": {
        "precision": 0.9377839447250474,
        "recall": 0.892,
        "f1-score": 0.9055245360728242,
        "support": 1000.0
    }
}
2025-07-01 16:21:20,822 [INFO] Run ID: 6df07214b1d44fbe9c17e9d927998965, Model URI: runs:/6df07214b1d44fbe9c17e9d927998965/model_logistic_regression
2025-07-01 16:21:20,988 [INFO] Training Decision Tree with GridSearchCV...
2025-07-01 16:21:24,921 [INFO] Best Params for Decision Tree: {'max_depth': 10, 'min_samples_split': 2}
2025-07-01 16:21:24,921 [INFO] Accuracy: 0.9800, Precision: 0.9126, Recall: 0.8952, F1: 0.9038
2025-07-01 16:21:24,921 [INFO] Classification Report:
{
    "0": {
        "precision": 0.987736900780379,
        "recall": 0.9899441340782122,
        "f1-score": 0.9888392857142857,
        "support": 895.0
    },
    "1": {
        "precision": 0.912621359223301,
        "recall": 0.8952380952380953,
        "f1-score": 0.9038461538461539,
        "support": 105.0
    },
    "accuracy": 0.98,
    "macro avg": {
        "precision": 0.9501791300018401,
        "recall": 0.9425911146581538,
        "f1-score": 0.9463427197802198,
        "support": 1000.0
    },
    "weighted avg": {
        "precision": 0.9798497689168858,
        "recall": 0.98,
        "f1-score": 0.9799150068681318,
        "support": 1000.0
    }
}
2025-07-01 16:21:24,922 [INFO] Run ID: b8dae1a213ad42b496ad8917a7c5377c, Model URI: runs:/b8dae1a213ad42b496ad8917a7c5377c/model_decision_tree
2025-07-01 16:21:24,962 [INFO] Registering the best model as 'Loan_Default_Best_Model'...
2025-07-01 16:21:25,290 [INFO] Model registered with version: 1
2025-07-01 16:21:25,446 [INFO] Model version 1 tagged and aliased as production
